语法

    0 $accept: Program $end

    1 Program: ExtDefList

    2 ExtDefList: ε
    3           | ExtDef ExtDefList

    4 ExtDef: Specifier ExtDecList SEMI
    5       | Specifier SEMI
    6       | Specifier FunDec CompSt
    7       | Specifier error SEMI
    8       | error SEMI
    9       | Specifier error
   10       | error FunDec CompSt

   11 ExtDecList: VarDec
   12           | VarDec COMMA ExtDecList

   13 Specifier: TYPE
   14          | StructSpecifier

   15 StructSpecifier: STRUCT OptTag LC DefList RC
   16                | STRUCT Tag
   17                | STRUCT OptTag LC error RC
   18                | STRUCT error

   19 OptTag: ε
   20       | ID

   21 Tag: ID

   22 VarDec: ID
   23       | VarDec LB INT RB
   24       | VarDec LB error RB

   25 FunDec: ID LP VarList RP
   26       | ID LP RP
   27       | ID LP error RP
   28       | ID LP error

   29 VarList: ParamDec COMMA VarList
   30        | ParamDec

   31 ParamDec: Specifier VarDec

   32 CompSt: LC DefList StmtList RC
   33       | error RC

   34 StmtList: ε
   35         | Stmt StmtList

   36 Stmt: Exp SEMI
   37     | CompSt
   38     | RETURN Exp SEMI
   39     | IF LP Exp RP Stmt
   40     | IF LP Exp RP Stmt ELSE Stmt
   41     | WHILE LP Exp RP Stmt
   42     | IF LP error RP Stmt
   43     | IF LP error RP ELSE Stmt
   44     | IF LP Exp RP error ELSE Stmt
   45     | WHILE LP error RP Stmt
   46     | Exp error
   47     | RETURN error
   48     | error SEMI
   49     | error LP Exp RP Stmt

   50 DefList: ε
   51        | Def DefList

   52 Def: Specifier DecList SEMI
   53    | Specifier error SEMI
   54    | Specifier error

   55 DecList: Dec
   56        | Dec COMMA DecList
   57        | Dec error DecList

   58 Dec: VarDec
   59    | VarDec ASSIGNOP Exp

   60 Exp: Exp ASSIGNOP Exp
   61    | Exp AND Exp
   62    | Exp OR Exp
   63    | Exp RELOP Exp
   64    | Exp PLUS Exp
   65    | Exp MINUS Exp
   66    | Exp STAR Exp
   67    | Exp DIV Exp
   68    | LP Exp RP
   69    | MINUS Exp
   70    | NOT Exp
   71    | ID LP Args RP
   72    | ID LP RP
   73    | Exp LB Exp RB
   74    | Exp DOT ID
   75    | ID
   76    | INT
   77    | FLOAT
   78    | Exp ASSIGNOP error
   79    | Exp AND error
   80    | Exp OR error
   81    | Exp RELOP error
   82    | Exp MINUS error
   83    | Exp STAR error
   84    | Exp DIV error
   85    | LP error RP
   86    | ID LP error RP
   87    | Exp LB error RB

   88 Args: Exp COMMA Args
   89     | Exp


终结语词，附有它们出现处的规则

    $end (0) 0
    error <node> (256) 7 8 9 10 17 18 24 27 28 33 42 43 44 45 46 47 48 49 53 54 57 78 79 80 81 82 83 84 85 86 87
    INT <node> (258) 23 76
    FLOAT <node> (259) 77
    ID <node> (260) 20 21 22 25 26 27 28 71 72 74 75 86
    SEMI <node> (261) 4 5 7 8 36 38 48 52 53
    COMMA <node> (262) 12 29 56 88
    ASSIGNOP <node> (263) 59 60 78
    RELOP <node> (264) 63 81
    PLUS <node> (265) 64
    MINUS <node> (266) 65 69 82
    STAR <node> (267) 66 83
    DIV <node> (268) 67 84
    AND <node> (269) 61 79
    OR <node> (270) 62 80
    DOT <node> (271) 74
    NOT <node> (272) 70
    TYPE <node> (273) 13
    LP <node> (274) 25 26 27 28 39 40 41 42 43 44 45 49 68 71 72 85 86
    RP <node> (275) 25 26 27 39 40 41 42 43 44 45 49 68 71 72 85 86
    LB <node> (276) 23 24 73 87
    RB <node> (277) 23 24 73 87
    LC <node> (278) 15 17 32
    RC <node> (279) 15 17 32 33
    STRUCT <node> (280) 15 16 17 18
    RETURN <node> (281) 38 47
    IF <node> (282) 39 40 42 43 44
    ELSE <node> (283) 40 43 44
    WHILE <node> (284) 41 45
    LOWER_THAT_ELSE (285)


非终结语词，附有它们出现处的规则

    $accept (31)
        on left: 0
    Program <node> (32)
        on left: 1
        on right: 0
    ExtDefList <node> (33)
        on left: 2 3
        on right: 1 3
    ExtDef <node> (34)
        on left: 4 5 6 7 8 9 10
        on right: 3
    ExtDecList <node> (35)
        on left: 11 12
        on right: 4 12
    Specifier <node> (36)
        on left: 13 14
        on right: 4 5 6 7 9 31 52 53 54
    StructSpecifier <node> (37)
        on left: 15 16 17 18
        on right: 14
    OptTag <node> (38)
        on left: 19 20
        on right: 15 17
    Tag <node> (39)
        on left: 21
        on right: 16
    VarDec <node> (40)
        on left: 22 23 24
        on right: 11 12 23 24 31 58 59
    FunDec <node> (41)
        on left: 25 26 27 28
        on right: 6 10
    VarList <node> (42)
        on left: 29 30
        on right: 25 29
    ParamDec <node> (43)
        on left: 31
        on right: 29 30
    CompSt <node> (44)
        on left: 32 33
        on right: 6 10 37
    StmtList <node> (45)
        on left: 34 35
        on right: 32 35
    Stmt <node> (46)
        on left: 36 37 38 39 40 41 42 43 44 45 46 47 48 49
        on right: 35 39 40 41 42 43 44 45 49
    DefList <node> (47)
        on left: 50 51
        on right: 15 32 51
    Def <node> (48)
        on left: 52 53 54
        on right: 51
    DecList <node> (49)
        on left: 55 56 57
        on right: 52 56 57
    Dec <node> (50)
        on left: 58 59
        on right: 55 56 57
    Exp <node> (51)
        on left: 60 61 62 63 64 65 66 67 68 69 70 71 72 73 74 75 76 77 78 79 80 81 82 83 84 85 86 87
        on right: 36 38 39 40 41 44 46 49 59 60 61 62 63 64 65 66 67 68 69 70 73 74 78 79 80 81 82 83 84 87 88 89
    Args <node> (52)
        on left: 88 89
        on right: 71 88


状态 0

    0 $accept: • Program $end

    error   偏移，并进入状态 1
    TYPE    偏移，并进入状态 2
    STRUCT  偏移，并进入状态 3

    $end  使用规则 2 以归约 (ExtDefList)

    Program          转到状态 4
    ExtDefList       转到状态 5
    ExtDef           转到状态 6
    Specifier        转到状态 7
    StructSpecifier  转到状态 8


状态 1

    8 ExtDef: error • SEMI
   10       | error • FunDec CompSt

    ID    偏移，并进入状态 9
    SEMI  偏移，并进入状态 10

    FunDec  转到状态 11


状态 2

   13 Specifier: TYPE •

    $default  使用规则 13 以归约 (Specifier)


状态 3

   15 StructSpecifier: STRUCT • OptTag LC DefList RC
   16                | STRUCT • Tag
   17                | STRUCT • OptTag LC error RC
   18                | STRUCT • error

    error  偏移，并进入状态 12
    ID     偏移，并进入状态 13

    LC  使用规则 19 以归约 (OptTag)

    OptTag  转到状态 14
    Tag     转到状态 15


状态 4

    0 $accept: Program • $end

    $end  偏移，并进入状态 16


状态 5

    1 Program: ExtDefList •

    $default  使用规则 1 以归约 (Program)


状态 6

    3 ExtDefList: ExtDef • ExtDefList

    error   偏移，并进入状态 1
    TYPE    偏移，并进入状态 2
    STRUCT  偏移，并进入状态 3

    $end  使用规则 2 以归约 (ExtDefList)

    ExtDefList       转到状态 17
    ExtDef           转到状态 6
    Specifier        转到状态 7
    StructSpecifier  转到状态 8


状态 7

    4 ExtDef: Specifier • ExtDecList SEMI
    5       | Specifier • SEMI
    6       | Specifier • FunDec CompSt
    7       | Specifier • error SEMI
    9       | Specifier • error

    error  偏移，并进入状态 18
    ID     偏移，并进入状态 19
    SEMI   偏移，并进入状态 20

    ExtDecList  转到状态 21
    VarDec      转到状态 22
    FunDec      转到状态 23


状态 8

   14 Specifier: StructSpecifier •

    $default  使用规则 14 以归约 (Specifier)


状态 9

   25 FunDec: ID • LP VarList RP
   26       | ID • LP RP
   27       | ID • LP error RP
   28       | ID • LP error

    LP  偏移，并进入状态 24


状态 10

    8 ExtDef: error SEMI •

    $default  使用规则 8 以归约 (ExtDef)


状态 11

   10 ExtDef: error FunDec • CompSt

    error  偏移，并进入状态 25
    LC     偏移，并进入状态 26

    CompSt  转到状态 27


状态 12

   18 StructSpecifier: STRUCT error •

    $default  使用规则 18 以归约 (StructSpecifier)


状态 13

   20 OptTag: ID •
   21 Tag: ID •

    LC        使用规则 20 以归约 (OptTag)
    $default  使用规则 21 以归约 (Tag)


状态 14

   15 StructSpecifier: STRUCT OptTag • LC DefList RC
   17                | STRUCT OptTag • LC error RC

    LC  偏移，并进入状态 28


状态 15

   16 StructSpecifier: STRUCT Tag •

    $default  使用规则 16 以归约 (StructSpecifier)


状态 16

    0 $accept: Program $end •

    $default  接受


状态 17

    3 ExtDefList: ExtDef ExtDefList •

    $default  使用规则 3 以归约 (ExtDefList)


状态 18

    7 ExtDef: Specifier error • SEMI
    9       | Specifier error •

    SEMI  偏移，并进入状态 29

    $default  使用规则 9 以归约 (ExtDef)


状态 19

   22 VarDec: ID •
   25 FunDec: ID • LP VarList RP
   26       | ID • LP RP
   27       | ID • LP error RP
   28       | ID • LP error

    LP  偏移，并进入状态 24

    $default  使用规则 22 以归约 (VarDec)


状态 20

    5 ExtDef: Specifier SEMI •

    $default  使用规则 5 以归约 (ExtDef)


状态 21

    4 ExtDef: Specifier ExtDecList • SEMI

    SEMI  偏移，并进入状态 30


状态 22

   11 ExtDecList: VarDec •
   12           | VarDec • COMMA ExtDecList
   23 VarDec: VarDec • LB INT RB
   24       | VarDec • LB error RB

    COMMA  偏移，并进入状态 31
    LB     偏移，并进入状态 32

    $default  使用规则 11 以归约 (ExtDecList)


状态 23

    6 ExtDef: Specifier FunDec • CompSt

    error  偏移，并进入状态 25
    LC     偏移，并进入状态 26

    CompSt  转到状态 33


状态 24

   25 FunDec: ID LP • VarList RP
   26       | ID LP • RP
   27       | ID LP • error RP
   28       | ID LP • error

    error   偏移，并进入状态 34
    TYPE    偏移，并进入状态 2
    RP      偏移，并进入状态 35
    STRUCT  偏移，并进入状态 3

    Specifier        转到状态 36
    StructSpecifier  转到状态 8
    VarList          转到状态 37
    ParamDec         转到状态 38


状态 25

   33 CompSt: error • RC

    RC  偏移，并进入状态 39


状态 26

   32 CompSt: LC • DefList StmtList RC

    TYPE    偏移，并进入状态 2
    STRUCT  偏移，并进入状态 3

    $default  使用规则 50 以归约 (DefList)

    Specifier        转到状态 40
    StructSpecifier  转到状态 8
    DefList          转到状态 41
    Def              转到状态 42


状态 27

   10 ExtDef: error FunDec CompSt •

    $default  使用规则 10 以归约 (ExtDef)


状态 28

   15 StructSpecifier: STRUCT OptTag LC • DefList RC
   17                | STRUCT OptTag LC • error RC

    error   偏移，并进入状态 43
    TYPE    偏移，并进入状态 2
    STRUCT  偏移，并进入状态 3

    RC  使用规则 50 以归约 (DefList)

    Specifier        转到状态 40
    StructSpecifier  转到状态 8
    DefList          转到状态 44
    Def              转到状态 42


状态 29

    7 ExtDef: Specifier error SEMI •

    $default  使用规则 7 以归约 (ExtDef)


状态 30

    4 ExtDef: Specifier ExtDecList SEMI •

    $default  使用规则 4 以归约 (ExtDef)


状态 31

   12 ExtDecList: VarDec COMMA • ExtDecList

    ID  偏移，并进入状态 45

    ExtDecList  转到状态 46
    VarDec      转到状态 22


状态 32

   23 VarDec: VarDec LB • INT RB
   24       | VarDec LB • error RB

    error  偏移，并进入状态 47
    INT    偏移，并进入状态 48


状态 33

    6 ExtDef: Specifier FunDec CompSt •

    $default  使用规则 6 以归约 (ExtDef)


状态 34

   27 FunDec: ID LP error • RP
   28       | ID LP error •

    RP  偏移，并进入状态 49

    $default  使用规则 28 以归约 (FunDec)


状态 35

   26 FunDec: ID LP RP •

    $default  使用规则 26 以归约 (FunDec)


状态 36

   31 ParamDec: Specifier • VarDec

    ID  偏移，并进入状态 45

    VarDec  转到状态 50


状态 37

   25 FunDec: ID LP VarList • RP

    RP  偏移，并进入状态 51


状态 38

   29 VarList: ParamDec • COMMA VarList
   30        | ParamDec •

    COMMA  偏移，并进入状态 52

    $default  使用规则 30 以归约 (VarList)


状态 39

   33 CompSt: error RC •

    $default  使用规则 33 以归约 (CompSt)


状态 40

   52 Def: Specifier • DecList SEMI
   53    | Specifier • error SEMI
   54    | Specifier • error

    error  偏移，并进入状态 53
    ID     偏移，并进入状态 45

    VarDec   转到状态 54
    DecList  转到状态 55
    Dec      转到状态 56


状态 41

   32 CompSt: LC DefList • StmtList RC

    error   偏移，并进入状态 57
    INT     偏移，并进入状态 58
    FLOAT   偏移，并进入状态 59
    ID      偏移，并进入状态 60
    MINUS   偏移，并进入状态 61
    NOT     偏移，并进入状态 62
    LP      偏移，并进入状态 63
    LC      偏移，并进入状态 26
    RETURN  偏移，并进入状态 64
    IF      偏移，并进入状态 65
    WHILE   偏移，并进入状态 66

    RC  使用规则 34 以归约 (StmtList)

    CompSt    转到状态 67
    StmtList  转到状态 68
    Stmt      转到状态 69
    Exp       转到状态 70


状态 42

   51 DefList: Def • DefList

    TYPE    偏移，并进入状态 2
    STRUCT  偏移，并进入状态 3

    $default  使用规则 50 以归约 (DefList)

    Specifier        转到状态 40
    StructSpecifier  转到状态 8
    DefList          转到状态 71
    Def              转到状态 42


状态 43

   17 StructSpecifier: STRUCT OptTag LC error • RC

    RC  偏移，并进入状态 72


状态 44

   15 StructSpecifier: STRUCT OptTag LC DefList • RC

    RC  偏移，并进入状态 73


状态 45

   22 VarDec: ID •

    $default  使用规则 22 以归约 (VarDec)


状态 46

   12 ExtDecList: VarDec COMMA ExtDecList •

    $default  使用规则 12 以归约 (ExtDecList)


状态 47

   24 VarDec: VarDec LB error • RB

    RB  偏移，并进入状态 74


状态 48

   23 VarDec: VarDec LB INT • RB

    RB  偏移，并进入状态 75


状态 49

   27 FunDec: ID LP error RP •

    $default  使用规则 27 以归约 (FunDec)


状态 50

   23 VarDec: VarDec • LB INT RB
   24       | VarDec • LB error RB
   31 ParamDec: Specifier VarDec •

    LB  偏移，并进入状态 32

    $default  使用规则 31 以归约 (ParamDec)


状态 51

   25 FunDec: ID LP VarList RP •

    $default  使用规则 25 以归约 (FunDec)


状态 52

   29 VarList: ParamDec COMMA • VarList

    TYPE    偏移，并进入状态 2
    STRUCT  偏移，并进入状态 3

    Specifier        转到状态 36
    StructSpecifier  转到状态 8
    VarList          转到状态 76
    ParamDec         转到状态 38


状态 53

   53 Def: Specifier error • SEMI
   54    | Specifier error •

    SEMI  偏移，并进入状态 77

    $default  使用规则 54 以归约 (Def)


状态 54

   23 VarDec: VarDec • LB INT RB
   24       | VarDec • LB error RB
   58 Dec: VarDec •
   59    | VarDec • ASSIGNOP Exp

    ASSIGNOP  偏移，并进入状态 78
    LB        偏移，并进入状态 32

    $default  使用规则 58 以归约 (Dec)


状态 55

   52 Def: Specifier DecList • SEMI

    SEMI  偏移，并进入状态 79


状态 56

   55 DecList: Dec •
   56        | Dec • COMMA DecList
   57        | Dec • error DecList

    error  偏移，并进入状态 80
    COMMA  偏移，并进入状态 81

    SEMI  使用规则 55 以归约 (DecList)


状态 57

   33 CompSt: error • RC
   48 Stmt: error • SEMI
   49     | error • LP Exp RP Stmt

    SEMI  偏移，并进入状态 82
    LP    偏移，并进入状态 83
    RC    偏移，并进入状态 39


状态 58

   76 Exp: INT •

    $default  使用规则 76 以归约 (Exp)


状态 59

   77 Exp: FLOAT •

    $default  使用规则 77 以归约 (Exp)


状态 60

   71 Exp: ID • LP Args RP
   72    | ID • LP RP
   75    | ID •
   86    | ID • LP error RP

    LP  偏移，并进入状态 84

    $default  使用规则 75 以归约 (Exp)


状态 61

   69 Exp: MINUS • Exp

    INT    偏移，并进入状态 58
    FLOAT  偏移，并进入状态 59
    ID     偏移，并进入状态 60
    MINUS  偏移，并进入状态 61
    NOT    偏移，并进入状态 62
    LP     偏移，并进入状态 63

    Exp  转到状态 85


状态 62

   70 Exp: NOT • Exp

    INT    偏移，并进入状态 58
    FLOAT  偏移，并进入状态 59
    ID     偏移，并进入状态 60
    MINUS  偏移，并进入状态 61
    NOT    偏移，并进入状态 62
    LP     偏移，并进入状态 63

    Exp  转到状态 86


状态 63

   68 Exp: LP • Exp RP
   85    | LP • error RP

    error  偏移，并进入状态 87
    INT    偏移，并进入状态 58
    FLOAT  偏移，并进入状态 59
    ID     偏移，并进入状态 60
    MINUS  偏移，并进入状态 61
    NOT    偏移，并进入状态 62
    LP     偏移，并进入状态 63

    Exp  转到状态 88


状态 64

   38 Stmt: RETURN • Exp SEMI
   47     | RETURN • error

    error  偏移，并进入状态 89
    INT    偏移，并进入状态 58
    FLOAT  偏移，并进入状态 59
    ID     偏移，并进入状态 60
    MINUS  偏移，并进入状态 61
    NOT    偏移，并进入状态 62
    LP     偏移，并进入状态 63

    Exp  转到状态 90


状态 65

   39 Stmt: IF • LP Exp RP Stmt
   40     | IF • LP Exp RP Stmt ELSE Stmt
   42     | IF • LP error RP Stmt
   43     | IF • LP error RP ELSE Stmt
   44     | IF • LP Exp RP error ELSE Stmt

    LP  偏移，并进入状态 91


状态 66

   41 Stmt: WHILE • LP Exp RP Stmt
   45     | WHILE • LP error RP Stmt

    LP  偏移，并进入状态 92


状态 67

   37 Stmt: CompSt •

    $default  使用规则 37 以归约 (Stmt)


状态 68

   32 CompSt: LC DefList StmtList • RC

    RC  偏移，并进入状态 93


状态 69

   35 StmtList: Stmt • StmtList

    error   偏移，并进入状态 57
    INT     偏移，并进入状态 58
    FLOAT   偏移，并进入状态 59
    ID      偏移，并进入状态 60
    MINUS   偏移，并进入状态 61
    NOT     偏移，并进入状态 62
    LP      偏移，并进入状态 63
    LC      偏移，并进入状态 26
    RETURN  偏移，并进入状态 64
    IF      偏移，并进入状态 65
    WHILE   偏移，并进入状态 66

    RC  使用规则 34 以归约 (StmtList)

    CompSt    转到状态 67
    StmtList  转到状态 94
    Stmt      转到状态 69
    Exp       转到状态 70


状态 70

   36 Stmt: Exp • SEMI
   46     | Exp • error
   60 Exp: Exp • ASSIGNOP Exp
   61    | Exp • AND Exp
   62    | Exp • OR Exp
   63    | Exp • RELOP Exp
   64    | Exp • PLUS Exp
   65    | Exp • MINUS Exp
   66    | Exp • STAR Exp
   67    | Exp • DIV Exp
   73    | Exp • LB Exp RB
   74    | Exp • DOT ID
   78    | Exp • ASSIGNOP error
   79    | Exp • AND error
   80    | Exp • OR error
   81    | Exp • RELOP error
   82    | Exp • MINUS error
   83    | Exp • STAR error
   84    | Exp • DIV error
   87    | Exp • LB error RB

    error     偏移，并进入状态 95
    SEMI      偏移，并进入状态 96
    ASSIGNOP  偏移，并进入状态 97
    RELOP     偏移，并进入状态 98
    PLUS      偏移，并进入状态 99
    MINUS     偏移，并进入状态 100
    STAR      偏移，并进入状态 101
    DIV       偏移，并进入状态 102
    AND       偏移，并进入状态 103
    OR        偏移，并进入状态 104
    DOT       偏移，并进入状态 105
    LB        偏移，并进入状态 106


状态 71

   51 DefList: Def DefList •

    $default  使用规则 51 以归约 (DefList)


状态 72

   17 StructSpecifier: STRUCT OptTag LC error RC •

    $default  使用规则 17 以归约 (StructSpecifier)


状态 73

   15 StructSpecifier: STRUCT OptTag LC DefList RC •

    $default  使用规则 15 以归约 (StructSpecifier)


状态 74

   24 VarDec: VarDec LB error RB •

    $default  使用规则 24 以归约 (VarDec)


状态 75

   23 VarDec: VarDec LB INT RB •

    $default  使用规则 23 以归约 (VarDec)


状态 76

   29 VarList: ParamDec COMMA VarList •

    $default  使用规则 29 以归约 (VarList)


状态 77

   53 Def: Specifier error SEMI •

    $default  使用规则 53 以归约 (Def)


状态 78

   59 Dec: VarDec ASSIGNOP • Exp

    INT    偏移，并进入状态 58
    FLOAT  偏移，并进入状态 59
    ID     偏移，并进入状态 60
    MINUS  偏移，并进入状态 61
    NOT    偏移，并进入状态 62
    LP     偏移，并进入状态 63

    Exp  转到状态 107


状态 79

   52 Def: Specifier DecList SEMI •

    $default  使用规则 52 以归约 (Def)


状态 80

   57 DecList: Dec error • DecList

    ID  偏移，并进入状态 45

    VarDec   转到状态 54
    DecList  转到状态 108
    Dec      转到状态 56


状态 81

   56 DecList: Dec COMMA • DecList

    ID  偏移，并进入状态 45

    VarDec   转到状态 54
    DecList  转到状态 109
    Dec      转到状态 56


状态 82

   48 Stmt: error SEMI •

    $default  使用规则 48 以归约 (Stmt)


状态 83

   49 Stmt: error LP • Exp RP Stmt

    INT    偏移，并进入状态 58
    FLOAT  偏移，并进入状态 59
    ID     偏移，并进入状态 60
    MINUS  偏移，并进入状态 61
    NOT    偏移，并进入状态 62
    LP     偏移，并进入状态 63

    Exp  转到状态 110


状态 84

   71 Exp: ID LP • Args RP
   72    | ID LP • RP
   86    | ID LP • error RP

    error  偏移，并进入状态 111
    INT    偏移，并进入状态 58
    FLOAT  偏移，并进入状态 59
    ID     偏移，并进入状态 60
    MINUS  偏移，并进入状态 61
    NOT    偏移，并进入状态 62
    LP     偏移，并进入状态 63
    RP     偏移，并进入状态 112

    Exp   转到状态 113
    Args  转到状态 114


状态 85

   60 Exp: Exp • ASSIGNOP Exp
   61    | Exp • AND Exp
   62    | Exp • OR Exp
   63    | Exp • RELOP Exp
   64    | Exp • PLUS Exp
   65    | Exp • MINUS Exp
   66    | Exp • STAR Exp
   67    | Exp • DIV Exp
   69    | MINUS Exp •
   73    | Exp • LB Exp RB
   74    | Exp • DOT ID
   78    | Exp • ASSIGNOP error
   79    | Exp • AND error
   80    | Exp • OR error
   81    | Exp • RELOP error
   82    | Exp • MINUS error
   83    | Exp • STAR error
   84    | Exp • DIV error
   87    | Exp • LB error RB

    STAR  偏移，并进入状态 101
    DIV   偏移，并进入状态 102
    DOT   偏移，并进入状态 105
    LB    偏移，并进入状态 106

    $default  使用规则 69 以归约 (Exp)


状态 86

   60 Exp: Exp • ASSIGNOP Exp
   61    | Exp • AND Exp
   62    | Exp • OR Exp
   63    | Exp • RELOP Exp
   64    | Exp • PLUS Exp
   65    | Exp • MINUS Exp
   66    | Exp • STAR Exp
   67    | Exp • DIV Exp
   70    | NOT Exp •
   73    | Exp • LB Exp RB
   74    | Exp • DOT ID
   78    | Exp • ASSIGNOP error
   79    | Exp • AND error
   80    | Exp • OR error
   81    | Exp • RELOP error
   82    | Exp • MINUS error
   83    | Exp • STAR error
   84    | Exp • DIV error
   87    | Exp • LB error RB

    DOT  偏移，并进入状态 105
    LB   偏移，并进入状态 106

    $default  使用规则 70 以归约 (Exp)


状态 87

   85 Exp: LP error • RP

    RP  偏移，并进入状态 115


状态 88

   60 Exp: Exp • ASSIGNOP Exp
   61    | Exp • AND Exp
   62    | Exp • OR Exp
   63    | Exp • RELOP Exp
   64    | Exp • PLUS Exp
   65    | Exp • MINUS Exp
   66    | Exp • STAR Exp
   67    | Exp • DIV Exp
   68    | LP Exp • RP
   73    | Exp • LB Exp RB
   74    | Exp • DOT ID
   78    | Exp • ASSIGNOP error
   79    | Exp • AND error
   80    | Exp • OR error
   81    | Exp • RELOP error
   82    | Exp • MINUS error
   83    | Exp • STAR error
   84    | Exp • DIV error
   87    | Exp • LB error RB

    ASSIGNOP  偏移，并进入状态 97
    RELOP     偏移，并进入状态 98
    PLUS      偏移，并进入状态 99
    MINUS     偏移，并进入状态 100
    STAR      偏移，并进入状态 101
    DIV       偏移，并进入状态 102
    AND       偏移，并进入状态 103
    OR        偏移，并进入状态 104
    DOT       偏移，并进入状态 105
    RP        偏移，并进入状态 116
    LB        偏移，并进入状态 106


状态 89

   47 Stmt: RETURN error •

    $default  使用规则 47 以归约 (Stmt)


状态 90

   38 Stmt: RETURN Exp • SEMI
   60 Exp: Exp • ASSIGNOP Exp
   61    | Exp • AND Exp
   62    | Exp • OR Exp
   63    | Exp • RELOP Exp
   64    | Exp • PLUS Exp
   65    | Exp • MINUS Exp
   66    | Exp • STAR Exp
   67    | Exp • DIV Exp
   73    | Exp • LB Exp RB
   74    | Exp • DOT ID
   78    | Exp • ASSIGNOP error
   79    | Exp • AND error
   80    | Exp • OR error
   81    | Exp • RELOP error
   82    | Exp • MINUS error
   83    | Exp • STAR error
   84    | Exp • DIV error
   87    | Exp • LB error RB

    SEMI      偏移，并进入状态 117
    ASSIGNOP  偏移，并进入状态 97
    RELOP     偏移，并进入状态 98
    PLUS      偏移，并进入状态 99
    MINUS     偏移，并进入状态 100
    STAR      偏移，并进入状态 101
    DIV       偏移，并进入状态 102
    AND       偏移，并进入状态 103
    OR        偏移，并进入状态 104
    DOT       偏移，并进入状态 105
    LB        偏移，并进入状态 106


状态 91

   39 Stmt: IF LP • Exp RP Stmt
   40     | IF LP • Exp RP Stmt ELSE Stmt
   42     | IF LP • error RP Stmt
   43     | IF LP • error RP ELSE Stmt
   44     | IF LP • Exp RP error ELSE Stmt

    error  偏移，并进入状态 118
    INT    偏移，并进入状态 58
    FLOAT  偏移，并进入状态 59
    ID     偏移，并进入状态 60
    MINUS  偏移，并进入状态 61
    NOT    偏移，并进入状态 62
    LP     偏移，并进入状态 63

    Exp  转到状态 119


状态 92

   41 Stmt: WHILE LP • Exp RP Stmt
   45     | WHILE LP • error RP Stmt

    error  偏移，并进入状态 120
    INT    偏移，并进入状态 58
    FLOAT  偏移，并进入状态 59
    ID     偏移，并进入状态 60
    MINUS  偏移，并进入状态 61
    NOT    偏移，并进入状态 62
    LP     偏移，并进入状态 63

    Exp  转到状态 121


状态 93

   32 CompSt: LC DefList StmtList RC •

    $default  使用规则 32 以归约 (CompSt)


状态 94

   35 StmtList: Stmt StmtList •

    $default  使用规则 35 以归约 (StmtList)


状态 95

   46 Stmt: Exp error •

    $default  使用规则 46 以归约 (Stmt)


状态 96

   36 Stmt: Exp SEMI •

    $default  使用规则 36 以归约 (Stmt)


状态 97

   60 Exp: Exp ASSIGNOP • Exp
   78    | Exp ASSIGNOP • error

    error  偏移，并进入状态 122
    INT    偏移，并进入状态 58
    FLOAT  偏移，并进入状态 59
    ID     偏移，并进入状态 60
    MINUS  偏移，并进入状态 61
    NOT    偏移，并进入状态 62
    LP     偏移，并进入状态 63

    Exp  转到状态 123


状态 98

   63 Exp: Exp RELOP • Exp
   81    | Exp RELOP • error

    error  偏移，并进入状态 124
    INT    偏移，并进入状态 58
    FLOAT  偏移，并进入状态 59
    ID     偏移，并进入状态 60
    MINUS  偏移，并进入状态 61
    NOT    偏移，并进入状态 62
    LP     偏移，并进入状态 63

    Exp  转到状态 125


状态 99

   64 Exp: Exp PLUS • Exp

    INT    偏移，并进入状态 58
    FLOAT  偏移，并进入状态 59
    ID     偏移，并进入状态 60
    MINUS  偏移，并进入状态 61
    NOT    偏移，并进入状态 62
    LP     偏移，并进入状态 63

    Exp  转到状态 126


状态 100

   65 Exp: Exp MINUS • Exp
   82    | Exp MINUS • error

    error  偏移，并进入状态 127
    INT    偏移，并进入状态 58
    FLOAT  偏移，并进入状态 59
    ID     偏移，并进入状态 60
    MINUS  偏移，并进入状态 61
    NOT    偏移，并进入状态 62
    LP     偏移，并进入状态 63

    Exp  转到状态 128


状态 101

   66 Exp: Exp STAR • Exp
   83    | Exp STAR • error

    error  偏移，并进入状态 129
    INT    偏移，并进入状态 58
    FLOAT  偏移，并进入状态 59
    ID     偏移，并进入状态 60
    MINUS  偏移，并进入状态 61
    NOT    偏移，并进入状态 62
    LP     偏移，并进入状态 63

    Exp  转到状态 130


状态 102

   67 Exp: Exp DIV • Exp
   84    | Exp DIV • error

    error  偏移，并进入状态 131
    INT    偏移，并进入状态 58
    FLOAT  偏移，并进入状态 59
    ID     偏移，并进入状态 60
    MINUS  偏移，并进入状态 61
    NOT    偏移，并进入状态 62
    LP     偏移，并进入状态 63

    Exp  转到状态 132


状态 103

   61 Exp: Exp AND • Exp
   79    | Exp AND • error

    error  偏移，并进入状态 133
    INT    偏移，并进入状态 58
    FLOAT  偏移，并进入状态 59
    ID     偏移，并进入状态 60
    MINUS  偏移，并进入状态 61
    NOT    偏移，并进入状态 62
    LP     偏移，并进入状态 63

    Exp  转到状态 134


状态 104

   62 Exp: Exp OR • Exp
   80    | Exp OR • error

    error  偏移，并进入状态 135
    INT    偏移，并进入状态 58
    FLOAT  偏移，并进入状态 59
    ID     偏移，并进入状态 60
    MINUS  偏移，并进入状态 61
    NOT    偏移，并进入状态 62
    LP     偏移，并进入状态 63

    Exp  转到状态 136


状态 105

   74 Exp: Exp DOT • ID

    ID  偏移，并进入状态 137


状态 106

   73 Exp: Exp LB • Exp RB
   87    | Exp LB • error RB

    error  偏移，并进入状态 138
    INT    偏移，并进入状态 58
    FLOAT  偏移，并进入状态 59
    ID     偏移，并进入状态 60
    MINUS  偏移，并进入状态 61
    NOT    偏移，并进入状态 62
    LP     偏移，并进入状态 63

    Exp  转到状态 139


状态 107

   59 Dec: VarDec ASSIGNOP Exp •
   60 Exp: Exp • ASSIGNOP Exp
   61    | Exp • AND Exp
   62    | Exp • OR Exp
   63    | Exp • RELOP Exp
   64    | Exp • PLUS Exp
   65    | Exp • MINUS Exp
   66    | Exp • STAR Exp
   67    | Exp • DIV Exp
   73    | Exp • LB Exp RB
   74    | Exp • DOT ID
   78    | Exp • ASSIGNOP error
   79    | Exp • AND error
   80    | Exp • OR error
   81    | Exp • RELOP error
   82    | Exp • MINUS error
   83    | Exp • STAR error
   84    | Exp • DIV error
   87    | Exp • LB error RB

    ASSIGNOP  偏移，并进入状态 97
    RELOP     偏移，并进入状态 98
    PLUS      偏移，并进入状态 99
    MINUS     偏移，并进入状态 100
    STAR      偏移，并进入状态 101
    DIV       偏移，并进入状态 102
    AND       偏移，并进入状态 103
    OR        偏移，并进入状态 104
    DOT       偏移，并进入状态 105
    LB        偏移，并进入状态 106

    $default  使用规则 59 以归约 (Dec)


状态 108

   57 DecList: Dec error DecList •

    $default  使用规则 57 以归约 (DecList)


状态 109

   56 DecList: Dec COMMA DecList •

    $default  使用规则 56 以归约 (DecList)


状态 110

   49 Stmt: error LP Exp • RP Stmt
   60 Exp: Exp • ASSIGNOP Exp
   61    | Exp • AND Exp
   62    | Exp • OR Exp
   63    | Exp • RELOP Exp
   64    | Exp • PLUS Exp
   65    | Exp • MINUS Exp
   66    | Exp • STAR Exp
   67    | Exp • DIV Exp
   73    | Exp • LB Exp RB
   74    | Exp • DOT ID
   78    | Exp • ASSIGNOP error
   79    | Exp • AND error
   80    | Exp • OR error
   81    | Exp • RELOP error
   82    | Exp • MINUS error
   83    | Exp • STAR error
   84    | Exp • DIV error
   87    | Exp • LB error RB

    ASSIGNOP  偏移，并进入状态 97
    RELOP     偏移，并进入状态 98
    PLUS      偏移，并进入状态 99
    MINUS     偏移，并进入状态 100
    STAR      偏移，并进入状态 101
    DIV       偏移，并进入状态 102
    AND       偏移，并进入状态 103
    OR        偏移，并进入状态 104
    DOT       偏移，并进入状态 105
    RP        偏移，并进入状态 140
    LB        偏移，并进入状态 106


状态 111

   86 Exp: ID LP error • RP

    RP  偏移，并进入状态 141


状态 112

   72 Exp: ID LP RP •

    $default  使用规则 72 以归约 (Exp)


状态 113

   60 Exp: Exp • ASSIGNOP Exp
   61    | Exp • AND Exp
   62    | Exp • OR Exp
   63    | Exp • RELOP Exp
   64    | Exp • PLUS Exp
   65    | Exp • MINUS Exp
   66    | Exp • STAR Exp
   67    | Exp • DIV Exp
   73    | Exp • LB Exp RB
   74    | Exp • DOT ID
   78    | Exp • ASSIGNOP error
   79    | Exp • AND error
   80    | Exp • OR error
   81    | Exp • RELOP error
   82    | Exp • MINUS error
   83    | Exp • STAR error
   84    | Exp • DIV error
   87    | Exp • LB error RB
   88 Args: Exp • COMMA Args
   89     | Exp •

    COMMA     偏移，并进入状态 142
    ASSIGNOP  偏移，并进入状态 97
    RELOP     偏移，并进入状态 98
    PLUS      偏移，并进入状态 99
    MINUS     偏移，并进入状态 100
    STAR      偏移，并进入状态 101
    DIV       偏移，并进入状态 102
    AND       偏移，并进入状态 103
    OR        偏移，并进入状态 104
    DOT       偏移，并进入状态 105
    LB        偏移，并进入状态 106

    $default  使用规则 89 以归约 (Args)


状态 114

   71 Exp: ID LP Args • RP

    RP  偏移，并进入状态 143


状态 115

   85 Exp: LP error RP •

    $default  使用规则 85 以归约 (Exp)


状态 116

   68 Exp: LP Exp RP •

    $default  使用规则 68 以归约 (Exp)


状态 117

   38 Stmt: RETURN Exp SEMI •

    $default  使用规则 38 以归约 (Stmt)


状态 118

   42 Stmt: IF LP error • RP Stmt
   43     | IF LP error • RP ELSE Stmt

    RP  偏移，并进入状态 144


状态 119

   39 Stmt: IF LP Exp • RP Stmt
   40     | IF LP Exp • RP Stmt ELSE Stmt
   44     | IF LP Exp • RP error ELSE Stmt
   60 Exp: Exp • ASSIGNOP Exp
   61    | Exp • AND Exp
   62    | Exp • OR Exp
   63    | Exp • RELOP Exp
   64    | Exp • PLUS Exp
   65    | Exp • MINUS Exp
   66    | Exp • STAR Exp
   67    | Exp • DIV Exp
   73    | Exp • LB Exp RB
   74    | Exp • DOT ID
   78    | Exp • ASSIGNOP error
   79    | Exp • AND error
   80    | Exp • OR error
   81    | Exp • RELOP error
   82    | Exp • MINUS error
   83    | Exp • STAR error
   84    | Exp • DIV error
   87    | Exp • LB error RB

    ASSIGNOP  偏移，并进入状态 97
    RELOP     偏移，并进入状态 98
    PLUS      偏移，并进入状态 99
    MINUS     偏移，并进入状态 100
    STAR      偏移，并进入状态 101
    DIV       偏移，并进入状态 102
    AND       偏移，并进入状态 103
    OR        偏移，并进入状态 104
    DOT       偏移，并进入状态 105
    RP        偏移，并进入状态 145
    LB        偏移，并进入状态 106


状态 120

   45 Stmt: WHILE LP error • RP Stmt

    RP  偏移，并进入状态 146


状态 121

   41 Stmt: WHILE LP Exp • RP Stmt
   60 Exp: Exp • ASSIGNOP Exp
   61    | Exp • AND Exp
   62    | Exp • OR Exp
   63    | Exp • RELOP Exp
   64    | Exp • PLUS Exp
   65    | Exp • MINUS Exp
   66    | Exp • STAR Exp
   67    | Exp • DIV Exp
   73    | Exp • LB Exp RB
   74    | Exp • DOT ID
   78    | Exp • ASSIGNOP error
   79    | Exp • AND error
   80    | Exp • OR error
   81    | Exp • RELOP error
   82    | Exp • MINUS error
   83    | Exp • STAR error
   84    | Exp • DIV error
   87    | Exp • LB error RB

    ASSIGNOP  偏移，并进入状态 97
    RELOP     偏移，并进入状态 98
    PLUS      偏移，并进入状态 99
    MINUS     偏移，并进入状态 100
    STAR      偏移，并进入状态 101
    DIV       偏移，并进入状态 102
    AND       偏移，并进入状态 103
    OR        偏移，并进入状态 104
    DOT       偏移，并进入状态 105
    RP        偏移，并进入状态 147
    LB        偏移，并进入状态 106


状态 122

   78 Exp: Exp ASSIGNOP error •

    $default  使用规则 78 以归约 (Exp)


状态 123

   60 Exp: Exp • ASSIGNOP Exp
   60    | Exp ASSIGNOP Exp •
   61    | Exp • AND Exp
   62    | Exp • OR Exp
   63    | Exp • RELOP Exp
   64    | Exp • PLUS Exp
   65    | Exp • MINUS Exp
   66    | Exp • STAR Exp
   67    | Exp • DIV Exp
   73    | Exp • LB Exp RB
   74    | Exp • DOT ID
   78    | Exp • ASSIGNOP error
   79    | Exp • AND error
   80    | Exp • OR error
   81    | Exp • RELOP error
   82    | Exp • MINUS error
   83    | Exp • STAR error
   84    | Exp • DIV error
   87    | Exp • LB error RB

    ASSIGNOP  偏移，并进入状态 97
    RELOP     偏移，并进入状态 98
    PLUS      偏移，并进入状态 99
    MINUS     偏移，并进入状态 100
    STAR      偏移，并进入状态 101
    DIV       偏移，并进入状态 102
    AND       偏移，并进入状态 103
    OR        偏移，并进入状态 104
    DOT       偏移，并进入状态 105
    LB        偏移，并进入状态 106

    $default  使用规则 60 以归约 (Exp)


状态 124

   81 Exp: Exp RELOP error •

    $default  使用规则 81 以归约 (Exp)


状态 125

   60 Exp: Exp • ASSIGNOP Exp
   61    | Exp • AND Exp
   62    | Exp • OR Exp
   63    | Exp • RELOP Exp
   63    | Exp RELOP Exp •
   64    | Exp • PLUS Exp
   65    | Exp • MINUS Exp
   66    | Exp • STAR Exp
   67    | Exp • DIV Exp
   73    | Exp • LB Exp RB
   74    | Exp • DOT ID
   78    | Exp • ASSIGNOP error
   79    | Exp • AND error
   80    | Exp • OR error
   81    | Exp • RELOP error
   82    | Exp • MINUS error
   83    | Exp • STAR error
   84    | Exp • DIV error
   87    | Exp • LB error RB

    PLUS   偏移，并进入状态 99
    MINUS  偏移，并进入状态 100
    STAR   偏移，并进入状态 101
    DIV    偏移，并进入状态 102
    DOT    偏移，并进入状态 105
    LB     偏移，并进入状态 106

    $default  使用规则 63 以归约 (Exp)


状态 126

   60 Exp: Exp • ASSIGNOP Exp
   61    | Exp • AND Exp
   62    | Exp • OR Exp
   63    | Exp • RELOP Exp
   64    | Exp • PLUS Exp
   64    | Exp PLUS Exp •
   65    | Exp • MINUS Exp
   66    | Exp • STAR Exp
   67    | Exp • DIV Exp
   73    | Exp • LB Exp RB
   74    | Exp • DOT ID
   78    | Exp • ASSIGNOP error
   79    | Exp • AND error
   80    | Exp • OR error
   81    | Exp • RELOP error
   82    | Exp • MINUS error
   83    | Exp • STAR error
   84    | Exp • DIV error
   87    | Exp • LB error RB

    STAR  偏移，并进入状态 101
    DIV   偏移，并进入状态 102
    DOT   偏移，并进入状态 105
    LB    偏移，并进入状态 106

    $default  使用规则 64 以归约 (Exp)


状态 127

   82 Exp: Exp MINUS error •

    $default  使用规则 82 以归约 (Exp)


状态 128

   60 Exp: Exp • ASSIGNOP Exp
   61    | Exp • AND Exp
   62    | Exp • OR Exp
   63    | Exp • RELOP Exp
   64    | Exp • PLUS Exp
   65    | Exp • MINUS Exp
   65    | Exp MINUS Exp •
   66    | Exp • STAR Exp
   67    | Exp • DIV Exp
   73    | Exp • LB Exp RB
   74    | Exp • DOT ID
   78    | Exp • ASSIGNOP error
   79    | Exp • AND error
   80    | Exp • OR error
   81    | Exp • RELOP error
   82    | Exp • MINUS error
   83    | Exp • STAR error
   84    | Exp • DIV error
   87    | Exp • LB error RB

    STAR  偏移，并进入状态 101
    DIV   偏移，并进入状态 102
    DOT   偏移，并进入状态 105
    LB    偏移，并进入状态 106

    $default  使用规则 65 以归约 (Exp)


状态 129

   83 Exp: Exp STAR error •

    $default  使用规则 83 以归约 (Exp)


状态 130

   60 Exp: Exp • ASSIGNOP Exp
   61    | Exp • AND Exp
   62    | Exp • OR Exp
   63    | Exp • RELOP Exp
   64    | Exp • PLUS Exp
   65    | Exp • MINUS Exp
   66    | Exp • STAR Exp
   66    | Exp STAR Exp •
   67    | Exp • DIV Exp
   73    | Exp • LB Exp RB
   74    | Exp • DOT ID
   78    | Exp • ASSIGNOP error
   79    | Exp • AND error
   80    | Exp • OR error
   81    | Exp • RELOP error
   82    | Exp • MINUS error
   83    | Exp • STAR error
   84    | Exp • DIV error
   87    | Exp • LB error RB

    DOT  偏移，并进入状态 105
    LB   偏移，并进入状态 106

    $default  使用规则 66 以归约 (Exp)


状态 131

   84 Exp: Exp DIV error •

    $default  使用规则 84 以归约 (Exp)


状态 132

   60 Exp: Exp • ASSIGNOP Exp
   61    | Exp • AND Exp
   62    | Exp • OR Exp
   63    | Exp • RELOP Exp
   64    | Exp • PLUS Exp
   65    | Exp • MINUS Exp
   66    | Exp • STAR Exp
   67    | Exp • DIV Exp
   67    | Exp DIV Exp •
   73    | Exp • LB Exp RB
   74    | Exp • DOT ID
   78    | Exp • ASSIGNOP error
   79    | Exp • AND error
   80    | Exp • OR error
   81    | Exp • RELOP error
   82    | Exp • MINUS error
   83    | Exp • STAR error
   84    | Exp • DIV error
   87    | Exp • LB error RB

    DOT  偏移，并进入状态 105
    LB   偏移，并进入状态 106

    $default  使用规则 67 以归约 (Exp)


状态 133

   79 Exp: Exp AND error •

    $default  使用规则 79 以归约 (Exp)


状态 134

   60 Exp: Exp • ASSIGNOP Exp
   61    | Exp • AND Exp
   61    | Exp AND Exp •
   62    | Exp • OR Exp
   63    | Exp • RELOP Exp
   64    | Exp • PLUS Exp
   65    | Exp • MINUS Exp
   66    | Exp • STAR Exp
   67    | Exp • DIV Exp
   73    | Exp • LB Exp RB
   74    | Exp • DOT ID
   78    | Exp • ASSIGNOP error
   79    | Exp • AND error
   80    | Exp • OR error
   81    | Exp • RELOP error
   82    | Exp • MINUS error
   83    | Exp • STAR error
   84    | Exp • DIV error
   87    | Exp • LB error RB

    RELOP  偏移，并进入状态 98
    PLUS   偏移，并进入状态 99
    MINUS  偏移，并进入状态 100
    STAR   偏移，并进入状态 101
    DIV    偏移，并进入状态 102
    DOT    偏移，并进入状态 105
    LB     偏移，并进入状态 106

    $default  使用规则 61 以归约 (Exp)


状态 135

   80 Exp: Exp OR error •

    $default  使用规则 80 以归约 (Exp)


状态 136

   60 Exp: Exp • ASSIGNOP Exp
   61    | Exp • AND Exp
   62    | Exp • OR Exp
   62    | Exp OR Exp •
   63    | Exp • RELOP Exp
   64    | Exp • PLUS Exp
   65    | Exp • MINUS Exp
   66    | Exp • STAR Exp
   67    | Exp • DIV Exp
   73    | Exp • LB Exp RB
   74    | Exp • DOT ID
   78    | Exp • ASSIGNOP error
   79    | Exp • AND error
   80    | Exp • OR error
   81    | Exp • RELOP error
   82    | Exp • MINUS error
   83    | Exp • STAR error
   84    | Exp • DIV error
   87    | Exp • LB error RB

    RELOP  偏移，并进入状态 98
    PLUS   偏移，并进入状态 99
    MINUS  偏移，并进入状态 100
    STAR   偏移，并进入状态 101
    DIV    偏移，并进入状态 102
    DOT    偏移，并进入状态 105
    LB     偏移，并进入状态 106

    $default  使用规则 62 以归约 (Exp)


状态 137

   74 Exp: Exp DOT ID •

    $default  使用规则 74 以归约 (Exp)


状态 138

   87 Exp: Exp LB error • RB

    RB  偏移，并进入状态 148


状态 139

   60 Exp: Exp • ASSIGNOP Exp
   61    | Exp • AND Exp
   62    | Exp • OR Exp
   63    | Exp • RELOP Exp
   64    | Exp • PLUS Exp
   65    | Exp • MINUS Exp
   66    | Exp • STAR Exp
   67    | Exp • DIV Exp
   73    | Exp • LB Exp RB
   73    | Exp LB Exp • RB
   74    | Exp • DOT ID
   78    | Exp • ASSIGNOP error
   79    | Exp • AND error
   80    | Exp • OR error
   81    | Exp • RELOP error
   82    | Exp • MINUS error
   83    | Exp • STAR error
   84    | Exp • DIV error
   87    | Exp • LB error RB

    ASSIGNOP  偏移，并进入状态 97
    RELOP     偏移，并进入状态 98
    PLUS      偏移，并进入状态 99
    MINUS     偏移，并进入状态 100
    STAR      偏移，并进入状态 101
    DIV       偏移，并进入状态 102
    AND       偏移，并进入状态 103
    OR        偏移，并进入状态 104
    DOT       偏移，并进入状态 105
    LB        偏移，并进入状态 106
    RB        偏移，并进入状态 149


状态 140

   49 Stmt: error LP Exp RP • Stmt

    error   偏移，并进入状态 57
    INT     偏移，并进入状态 58
    FLOAT   偏移，并进入状态 59
    ID      偏移，并进入状态 60
    MINUS   偏移，并进入状态 61
    NOT     偏移，并进入状态 62
    LP      偏移，并进入状态 63
    LC      偏移，并进入状态 26
    RETURN  偏移，并进入状态 64
    IF      偏移，并进入状态 65
    WHILE   偏移，并进入状态 66

    CompSt  转到状态 67
    Stmt    转到状态 150
    Exp     转到状态 70


状态 141

   86 Exp: ID LP error RP •

    $default  使用规则 86 以归约 (Exp)


状态 142

   88 Args: Exp COMMA • Args

    INT    偏移，并进入状态 58
    FLOAT  偏移，并进入状态 59
    ID     偏移，并进入状态 60
    MINUS  偏移，并进入状态 61
    NOT    偏移，并进入状态 62
    LP     偏移，并进入状态 63

    Exp   转到状态 113
    Args  转到状态 151


状态 143

   71 Exp: ID LP Args RP •

    $default  使用规则 71 以归约 (Exp)


状态 144

   42 Stmt: IF LP error RP • Stmt
   43     | IF LP error RP • ELSE Stmt

    error   偏移，并进入状态 57
    INT     偏移，并进入状态 58
    FLOAT   偏移，并进入状态 59
    ID      偏移，并进入状态 60
    MINUS   偏移，并进入状态 61
    NOT     偏移，并进入状态 62
    LP      偏移，并进入状态 63
    LC      偏移，并进入状态 26
    RETURN  偏移，并进入状态 64
    IF      偏移，并进入状态 65
    ELSE    偏移，并进入状态 152
    WHILE   偏移，并进入状态 66

    CompSt  转到状态 67
    Stmt    转到状态 153
    Exp     转到状态 70


状态 145

   39 Stmt: IF LP Exp RP • Stmt
   40     | IF LP Exp RP • Stmt ELSE Stmt
   44     | IF LP Exp RP • error ELSE Stmt

    error   偏移，并进入状态 154
    INT     偏移，并进入状态 58
    FLOAT   偏移，并进入状态 59
    ID      偏移，并进入状态 60
    MINUS   偏移，并进入状态 61
    NOT     偏移，并进入状态 62
    LP      偏移，并进入状态 63
    LC      偏移，并进入状态 26
    RETURN  偏移，并进入状态 64
    IF      偏移，并进入状态 65
    WHILE   偏移，并进入状态 66

    CompSt  转到状态 67
    Stmt    转到状态 155
    Exp     转到状态 70


状态 146

   45 Stmt: WHILE LP error RP • Stmt

    error   偏移，并进入状态 57
    INT     偏移，并进入状态 58
    FLOAT   偏移，并进入状态 59
    ID      偏移，并进入状态 60
    MINUS   偏移，并进入状态 61
    NOT     偏移，并进入状态 62
    LP      偏移，并进入状态 63
    LC      偏移，并进入状态 26
    RETURN  偏移，并进入状态 64
    IF      偏移，并进入状态 65
    WHILE   偏移，并进入状态 66

    CompSt  转到状态 67
    Stmt    转到状态 156
    Exp     转到状态 70


状态 147

   41 Stmt: WHILE LP Exp RP • Stmt

    error   偏移，并进入状态 57
    INT     偏移，并进入状态 58
    FLOAT   偏移，并进入状态 59
    ID      偏移，并进入状态 60
    MINUS   偏移，并进入状态 61
    NOT     偏移，并进入状态 62
    LP      偏移，并进入状态 63
    LC      偏移，并进入状态 26
    RETURN  偏移，并进入状态 64
    IF      偏移，并进入状态 65
    WHILE   偏移，并进入状态 66

    CompSt  转到状态 67
    Stmt    转到状态 157
    Exp     转到状态 70


状态 148

   87 Exp: Exp LB error RB •

    $default  使用规则 87 以归约 (Exp)


状态 149

   73 Exp: Exp LB Exp RB •

    $default  使用规则 73 以归约 (Exp)


状态 150

   49 Stmt: error LP Exp RP Stmt •

    $default  使用规则 49 以归约 (Stmt)


状态 151

   88 Args: Exp COMMA Args •

    $default  使用规则 88 以归约 (Args)


状态 152

   43 Stmt: IF LP error RP ELSE • Stmt

    error   偏移，并进入状态 57
    INT     偏移，并进入状态 58
    FLOAT   偏移，并进入状态 59
    ID      偏移，并进入状态 60
    MINUS   偏移，并进入状态 61
    NOT     偏移，并进入状态 62
    LP      偏移，并进入状态 63
    LC      偏移，并进入状态 26
    RETURN  偏移，并进入状态 64
    IF      偏移，并进入状态 65
    WHILE   偏移，并进入状态 66

    CompSt  转到状态 67
    Stmt    转到状态 158
    Exp     转到状态 70


状态 153

   42 Stmt: IF LP error RP Stmt •

    $default  使用规则 42 以归约 (Stmt)


状态 154

   33 CompSt: error • RC
   44 Stmt: IF LP Exp RP error • ELSE Stmt
   48     | error • SEMI
   49     | error • LP Exp RP Stmt

    SEMI  偏移，并进入状态 82
    LP    偏移，并进入状态 83
    RC    偏移，并进入状态 39
    ELSE  偏移，并进入状态 159


状态 155

   39 Stmt: IF LP Exp RP Stmt •
   40     | IF LP Exp RP Stmt • ELSE Stmt

    ELSE  偏移，并进入状态 160

    $default  使用规则 39 以归约 (Stmt)


状态 156

   45 Stmt: WHILE LP error RP Stmt •

    $default  使用规则 45 以归约 (Stmt)


状态 157

   41 Stmt: WHILE LP Exp RP Stmt •

    $default  使用规则 41 以归约 (Stmt)


状态 158

   43 Stmt: IF LP error RP ELSE Stmt •

    $default  使用规则 43 以归约 (Stmt)


状态 159

   44 Stmt: IF LP Exp RP error ELSE • Stmt

    error   偏移，并进入状态 57
    INT     偏移，并进入状态 58
    FLOAT   偏移，并进入状态 59
    ID      偏移，并进入状态 60
    MINUS   偏移，并进入状态 61
    NOT     偏移，并进入状态 62
    LP      偏移，并进入状态 63
    LC      偏移，并进入状态 26
    RETURN  偏移，并进入状态 64
    IF      偏移，并进入状态 65
    WHILE   偏移，并进入状态 66

    CompSt  转到状态 67
    Stmt    转到状态 161
    Exp     转到状态 70


状态 160

   40 Stmt: IF LP Exp RP Stmt ELSE • Stmt

    error   偏移，并进入状态 57
    INT     偏移，并进入状态 58
    FLOAT   偏移，并进入状态 59
    ID      偏移，并进入状态 60
    MINUS   偏移，并进入状态 61
    NOT     偏移，并进入状态 62
    LP      偏移，并进入状态 63
    LC      偏移，并进入状态 26
    RETURN  偏移，并进入状态 64
    IF      偏移，并进入状态 65
    WHILE   偏移，并进入状态 66

    CompSt  转到状态 67
    Stmt    转到状态 162
    Exp     转到状态 70


状态 161

   44 Stmt: IF LP Exp RP error ELSE Stmt •

    $default  使用规则 44 以归约 (Stmt)


状态 162

   40 Stmt: IF LP Exp RP Stmt ELSE Stmt •

    $default  使用规则 40 以归约 (Stmt)
